<?xml version="1.0" encoding="UTF-8" ?>
<testsuite failures="1" time="0.207" errors="0" skipped="0" tests="6" name="it.polimi.dei.swknights.carcassonne.Server.Controller.ContatoreCartografoTest">
  <properties>
    <property name="java.runtime.name" value="OpenJDK Runtime Environment"/>
    <property name="sun.boot.library.path" value="/usr/lib/jvm/java-6-openjdk-amd64/jre/lib/amd64"/>
    <property name="java.vm.version" value="20.0-b12"/>
    <property name="java.vm.vendor" value="Sun Microsystems Inc."/>
    <property name="java.vendor.url" value="http://java.sun.com/"/>
    <property name="path.separator" value=":"/>
    <property name="java.vm.name" value="OpenJDK 64-Bit Server VM"/>
    <property name="file.encoding.pkg" value="sun.io"/>
    <property name="user.country" value="IT"/>
    <property name="sun.java.launcher" value="SUN_STANDARD"/>
    <property name="sun.os.patch.level" value="unknown"/>
    <property name="java.vm.specification.name" value="Java Virtual Machine Specification"/>
    <property name="user.dir" value="/home/dave/java/Carcassonne"/>
    <property name="java.runtime.version" value="1.6.0_24-b24"/>
    <property name="java.awt.graphicsenv" value="sun.awt.X11GraphicsEnvironment"/>
    <property name="basedir" value="/home/dave/java/Carcassonne"/>
    <property name="java.endorsed.dirs" value="/usr/lib/jvm/java-6-openjdk-amd64/jre/lib/endorsed"/>
    <property name="os.arch" value="amd64"/>
    <property name="surefire.real.class.path" value="/home/dave/java/Carcassonne/target/surefire/surefirebooter7137737960797684167.jar"/>
    <property name="java.io.tmpdir" value="/tmp"/>
    <property name="line.separator" value="
"/>
    <property name="java.vm.specification.vendor" value="Sun Microsystems Inc."/>
    <property name="os.name" value="Linux"/>
    <property name="sun.jnu.encoding" value="UTF-8"/>
    <property name="java.library.path" value="/usr/lib/jvm/java-6-openjdk-amd64/jre/lib/amd64/server:/usr/lib/jvm/java-6-openjdk-amd64/jre/lib/amd64:/usr/lib/jvm/java-6-openjdk-amd64/jre/../lib/amd64:/usr/java/packages/lib/amd64:/usr/lib/x86_64-linux-gnu/jni:/lib/x86_64-linux-gnu:/usr/lib/x86_64-linux-gnu:/usr/lib/jni:/lib:/usr/lib"/>
    <property name="surefire.test.class.path" value="/home/dave/java/Carcassonne/target/test-classes:/home/dave/java/Carcassonne/target/classes:/home/dave/.m2/repository/junit/junit/4.8.1/junit-4.8.1.jar:"/>
    <property name="java.specification.name" value="Java Platform API Specification"/>
    <property name="java.class.version" value="50.0"/>
    <property name="sun.management.compiler" value="HotSpot 64-Bit Tiered Compilers"/>
    <property name="os.version" value="3.2.0-2-amd64"/>
    <property name="user.home" value="/home/dave"/>
    <property name="user.timezone" value=""/>
    <property name="java.awt.printerjob" value="sun.print.PSPrinterJob"/>
    <property name="file.encoding" value="UTF-8"/>
    <property name="java.specification.version" value="1.6"/>
    <property name="user.name" value="dave"/>
    <property name="java.class.path" value="/home/dave/java/Carcassonne/target/test-classes:/home/dave/java/Carcassonne/target/classes:/home/dave/.m2/repository/junit/junit/4.8.1/junit-4.8.1.jar:"/>
    <property name="java.vm.specification.version" value="1.0"/>
    <property name="sun.arch.data.model" value="64"/>
    <property name="java.home" value="/usr/lib/jvm/java-6-openjdk-amd64/jre"/>
    <property name="sun.java.command" value="/home/dave/java/Carcassonne/target/surefire/surefirebooter7137737960797684167.jar /home/dave/java/Carcassonne/target/surefire/surefire4038574008489171303tmp /home/dave/java/Carcassonne/target/surefire/surefire1948799428760108053tmp"/>
    <property name="java.specification.vendor" value="Sun Microsystems Inc."/>
    <property name="user.language" value="it"/>
    <property name="java.vm.info" value="mixed mode"/>
    <property name="java.version" value="1.6.0_24"/>
    <property name="java.ext.dirs" value="/usr/lib/jvm/java-6-openjdk-amd64/jre/lib/ext:/usr/java/packages/lib/ext"/>
    <property name="sun.boot.class.path" value="/usr/lib/jvm/java-6-openjdk-amd64/jre/lib/resources.jar:/usr/lib/jvm/java-6-openjdk-amd64/jre/lib/rt.jar:/usr/lib/jvm/java-6-openjdk-amd64/jre/lib/sunrsasign.jar:/usr/lib/jvm/java-6-openjdk-amd64/jre/lib/jsse.jar:/usr/lib/jvm/java-6-openjdk-amd64/jre/lib/jce.jar:/usr/lib/jvm/java-6-openjdk-amd64/jre/lib/charsets.jar:/usr/lib/jvm/java-6-openjdk-amd64/jre/lib/netx.jar:/usr/lib/jvm/java-6-openjdk-amd64/jre/lib/plugin.jar:/usr/lib/jvm/java-6-openjdk-amd64/jre/lib/rhino.jar:/usr/lib/jvm/java-6-openjdk-amd64/jre/lib/modules/jdk.boot.jar:/usr/lib/jvm/java-6-openjdk-amd64/jre/classes"/>
    <property name="java.vendor" value="Sun Microsystems Inc."/>
    <property name="localRepository" value="/home/dave/.m2/repository"/>
    <property name="file.separator" value="/"/>
    <property name="java.vendor.url.bug" value="http://java.sun.com/cgi-bin/bugreport.cgi"/>
    <property name="sun.cpu.endian" value="little"/>
    <property name="sun.io.unicode.encoding" value="UnicodeLittle"/>
    <property name="sun.cpu.isalist" value=""/>
  </properties>
  <testcase time="0.019" classname="it.polimi.dei.swknights.carcassonne.Server.Controller.ContatoreCartografoTest" name="testCostruzioniCorrette"/>
  <testcase time="0.018" classname="it.polimi.dei.swknights.carcassonne.Server.Controller.ContatoreCartografoTest" name="testCostruzioniScorrette"/>
  <testcase time="0.031" classname="it.polimi.dei.swknights.carcassonne.Server.Controller.ContatoreCartografoTest" name="stradaPiccola"/>
  <testcase time="0.045" classname="it.polimi.dei.swknights.carcassonne.Server.Controller.ContatoreCartografoTest" name="cittaFiordoropoli"/>
  <testcase time="0.058" classname="it.polimi.dei.swknights.carcassonne.Server.Controller.ContatoreCartografoTest" name="cittaMaledettaMergeBassoAlto">
    <failure message=" dovrebbe essercene una! invece sono: 2" type="java.lang.AssertionError">java.lang.AssertionError:  dovrebbe essercene una! invece sono: 2
	at org.junit.Assert.fail(Assert.java:91)
	at org.junit.Assert.assertTrue(Assert.java:43)
	at it.polimi.dei.swknights.carcassonne.Server.Controller.ContatoreCartografoTest.cittaMaledettaMergeBassoAlto(ContatoreCartografoTest.java:119)
	at sun.reflect.NativeMethodAccessorImpl.invoke0(Native Method)
	at sun.reflect.NativeMethodAccessorImpl.invoke(NativeMethodAccessorImpl.java:57)
	at sun.reflect.DelegatingMethodAccessorImpl.invoke(DelegatingMethodAccessorImpl.java:43)
	at java.lang.reflect.Method.invoke(Method.java:616)
	at org.junit.runners.model.FrameworkMethod$1.runReflectiveCall(FrameworkMethod.java:44)
	at org.junit.internal.runners.model.ReflectiveCallable.run(ReflectiveCallable.java:15)
	at org.junit.runners.model.FrameworkMethod.invokeExplosively(FrameworkMethod.java:41)
	at org.junit.internal.runners.statements.InvokeMethod.evaluate(InvokeMethod.java:20)
	at org.junit.internal.runners.statements.RunBefores.evaluate(RunBefores.java:28)
	at org.junit.runners.BlockJUnit4ClassRunner.runChild(BlockJUnit4ClassRunner.java:76)
	at org.junit.runners.BlockJUnit4ClassRunner.runChild(BlockJUnit4ClassRunner.java:50)
	at org.junit.runners.ParentRunner$3.run(ParentRunner.java:193)
	at org.junit.runners.ParentRunner$1.schedule(ParentRunner.java:52)
	at org.junit.runners.ParentRunner.runChildren(ParentRunner.java:191)
	at org.junit.runners.ParentRunner.access$000(ParentRunner.java:42)
	at org.junit.runners.ParentRunner$2.evaluate(ParentRunner.java:184)
	at org.junit.runners.ParentRunner.run(ParentRunner.java:236)
	at org.apache.maven.surefire.junit4.JUnit4TestSet.execute(JUnit4TestSet.java:35)
	at org.apache.maven.surefire.junit4.JUnit4Provider.executeTestSet(JUnit4Provider.java:146)
	at org.apache.maven.surefire.junit4.JUnit4Provider.invoke(JUnit4Provider.java:97)
	at sun.reflect.NativeMethodAccessorImpl.invoke0(Native Method)
	at sun.reflect.NativeMethodAccessorImpl.invoke(NativeMethodAccessorImpl.java:57)
	at sun.reflect.DelegatingMethodAccessorImpl.invoke(DelegatingMethodAccessorImpl.java:43)
	at java.lang.reflect.Method.invoke(Method.java:616)
	at org.apache.maven.surefire.booter.ProviderFactory$ClassLoaderProxy.invoke(ProviderFactory.java:103)
	at $Proxy0.invoke(Unknown Source)
	at org.apache.maven.surefire.booter.SurefireStarter.invokeProvider(SurefireStarter.java:145)
	at org.apache.maven.surefire.booter.SurefireStarter.runSuitesInProcess(SurefireStarter.java:87)
	at org.apache.maven.surefire.booter.ForkedBooter.main(ForkedBooter.java:69)
</failure>
    <system-out>========== Alzate i piedi devo passare e pulire!!! =============
N=N S=N W=S E=S NS=0 NE=0 NW=0 WE=1 SE=0 SW=0
N=N S=N W=S E=S NS=0 NE=0 NW=0 WE=1 SE=0 SW=0
N=N S=N W=S E=S NS=0 NE=0 NW=0 WE=1 SE=0 SW=0
N=N S=N W=S E=S NS=0 NE=0 NW=0 WE=1 SE=0 SW=0
N=N S=N W=S E=S NS=0 NE=0 NW=0 WE=1 SE=0 SW=0
N=C S=N W=S E=S NS=0 NE=0 NW=0 WE=1 SE=0 SW=0
N=C S=C W=N E=C NS=1 NE=1 NW=0 WE=0 SE=1 SW=0
N=C S=N W=C E=N NS=0 NE=0 NW=1 WE=0 SE=0 SW=0
N=N S=N W=N E=C NS=0 NE=0 NW=0 WE=0 SE=0 SW=0
N=N S=N W=N E=C NS=0 NE=0 NW=0 WE=0 SE=0 SW=0
N=N S=N W=N E=C NS=0 NE=0 NW=0 WE=0 SE=0 SW=0
N=N S=N W=N E=C NS=0 NE=0 NW=0 WE=0 SE=0 SW=0
N=N S=C W=N E=N NS=0 NE=0 NW=0 WE=0 SE=0 SW=0
N=C S=N W=N E=N NS=0 NE=0 NW=0 WE=0 SE=0 SW=0
N=C S=N W=N E=N NS=0 NE=0 NW=0 WE=0 SE=0 SW=0
N=N S=C W=N E=C NS=0 NE=0 NW=0 WE=0 SE=0 SW=1
N=N S=C W=C E=C NS=0 NE=0 NW=0 WE=1 SE=1 SW=1
N=C S=N W=C E=N NS=0 NE=0 NW=1 WE=0 SE=0 SW=0
N=C S=N W=N E=C NS=0 NE=0 NW=0 WE=0 SE=0 SW=0
N=C S=C W=C E=N NS=1 NE=0 NW=1 WE=0 SE=0 SW=1
 metto la tessera alla coordinata:  (1,-3) la tessera e&apos;: N=C S=C W=C E=N NS=1 NE=0 NW=1 WE=0 SE=0 SW=1
N=N S=C W=N E=N NS=0 NE=0 NW=0 WE=0 SE=0 SW=0
 metto la tessera alla coordinata:  (2,-3) la tessera e&apos;: N=N S=C W=N E=N NS=0 NE=0 NW=0 WE=0 SE=0 SW=0
N=N S=N W=C E=N NS=0 NE=0 NW=0 WE=0 SE=0 SW=0
N=N S=N W=S E=S NS=0 NE=0 NW=0 WE=1 SE=0 SW=0
 il numero di costruzioni completate Ã¨: 2
</system-out>
  </testcase>
  <testcase time="0.027" classname="it.polimi.dei.swknights.carcassonne.Server.Controller.ContatoreCartografoTest" name="cittaMaledettaBassoAltoSerpe"/>
</testsuite>